0 info it worked if it ends with ok
1 verbose cli [ '/usr/local/bin/node',
1 verbose cli   '/usr/local/bin/npm',
1 verbose cli   'install',
1 verbose cli   'compass',
1 verbose cli   '-g' ]
2 info using npm@2.15.8
3 info using node@v4.4.7
4 verbose install initial load of /usr/local/lib/package.json
5 verbose readDependencies loading dependencies from /usr/local/lib/package.json
6 silly cache add args [ 'compass', null ]
7 verbose cache add spec compass
8 silly cache add parsed spec Result {
8 silly cache add   raw: 'compass',
8 silly cache add   scope: null,
8 silly cache add   name: 'compass',
8 silly cache add   rawSpec: '',
8 silly cache add   spec: 'latest',
8 silly cache add   type: 'tag' }
9 silly addNamed compass@latest
10 verbose addNamed "latest" is being treated as a dist-tag for compass
11 info addNameTag [ 'compass', 'latest' ]
12 silly mapToRegistry name compass
13 silly mapToRegistry using default registry
14 silly mapToRegistry registry https://registry.npmjs.org/
15 silly mapToRegistry data Result {
15 silly mapToRegistry   raw: 'compass',
15 silly mapToRegistry   scope: null,
15 silly mapToRegistry   name: 'compass',
15 silly mapToRegistry   rawSpec: '',
15 silly mapToRegistry   spec: 'latest',
15 silly mapToRegistry   type: 'tag' }
16 silly mapToRegistry uri https://registry.npmjs.org/compass
17 verbose addNameTag registry:https://registry.npmjs.org/compass not in flight; fetching
18 verbose request uri https://registry.npmjs.org/compass
19 verbose request no auth needed
20 info attempt registry request try #1 at 17:38:28
21 verbose request id b39cc74cfffb6e14
22 http request GET https://registry.npmjs.org/compass
23 http 200 https://registry.npmjs.org/compass
24 verbose headers { server: 'CouchDB/1.5.0 (Erlang OTP/R16B03)',
24 verbose headers   etag: '"25DGFFTU5CEPKH6UZHVO39BID"',
24 verbose headers   'content-type': 'application/json',
24 verbose headers   'content-encoding': 'gzip',
24 verbose headers   'cache-control': 'max-age=300',
24 verbose headers   'content-length': '1418',
24 verbose headers   'accept-ranges': 'bytes',
24 verbose headers   date: 'Mon, 25 Jul 2016 15:38:29 GMT',
24 verbose headers   via: '1.1 varnish',
24 verbose headers   age: '0',
24 verbose headers   connection: 'keep-alive',
24 verbose headers   'x-served-by': 'cache-lhr6323-LHR',
24 verbose headers   'x-cache': 'HIT',
24 verbose headers   'x-cache-hits': '1',
24 verbose headers   'x-timer': 'S1469461109.084294,VS0,VE355',
24 verbose headers   vary: 'Accept-Encoding' }
25 silly get cb [ 200,
25 silly get   { server: 'CouchDB/1.5.0 (Erlang OTP/R16B03)',
25 silly get     etag: '"25DGFFTU5CEPKH6UZHVO39BID"',
25 silly get     'content-type': 'application/json',
25 silly get     'content-encoding': 'gzip',
25 silly get     'cache-control': 'max-age=300',
25 silly get     'content-length': '1418',
25 silly get     'accept-ranges': 'bytes',
25 silly get     date: 'Mon, 25 Jul 2016 15:38:29 GMT',
25 silly get     via: '1.1 varnish',
25 silly get     age: '0',
25 silly get     connection: 'keep-alive',
25 silly get     'x-served-by': 'cache-lhr6323-LHR',
25 silly get     'x-cache': 'HIT',
25 silly get     'x-cache-hits': '1',
25 silly get     'x-timer': 'S1469461109.084294,VS0,VE355',
25 silly get     vary: 'Accept-Encoding' } ]
26 verbose get saving compass to /Users/quentinpelluau/.npm/registry.npmjs.org/compass/.cache.json
27 verbose correctMkdir /Users/quentinpelluau/.npm correctMkdir not in flight; initializing
28 silly addNameTag next cb for compass with tag latest
29 silly addNamed compass@0.1.1
30 verbose addNamed "0.1.1" is a plain semver version for compass
31 silly mapToRegistry name compass
32 silly mapToRegistry using default registry
33 silly mapToRegistry registry https://registry.npmjs.org/
34 silly mapToRegistry data Result {
34 silly mapToRegistry   raw: 'compass',
34 silly mapToRegistry   scope: null,
34 silly mapToRegistry   name: 'compass',
34 silly mapToRegistry   rawSpec: '',
34 silly mapToRegistry   spec: 'latest',
34 silly mapToRegistry   type: 'tag' }
35 silly mapToRegistry uri https://registry.npmjs.org/compass
36 verbose addRemoteTarball https://registry.npmjs.org/compass/-/compass-0.1.1.tgz not in flight; adding
37 verbose addRemoteTarball [ 'https://registry.npmjs.org/compass/-/compass-0.1.1.tgz',
37 verbose addRemoteTarball   '5c56d5eb442d10c1ad5989ef5c5e925db60c60e1' ]
38 info retry fetch attempt 1 at 17:38:29
39 info attempt registry request try #1 at 17:38:29
40 http fetch GET https://registry.npmjs.org/compass/-/compass-0.1.1.tgz
41 http fetch 200 https://registry.npmjs.org/compass/-/compass-0.1.1.tgz
42 silly fetchAndShaCheck shasum 5c56d5eb442d10c1ad5989ef5c5e925db60c60e1
43 verbose addTmpTarball /var/folders/pm/d5grnsf52h92l6j01gm72d100000gn/T/npm-7366-e7fb11ed/registry.npmjs.org/compass/-/compass-0.1.1.tgz not in flight; adding
44 verbose addTmpTarball already have metadata; skipping unpack for compass@0.1.1
45 verbose correctMkdir /Users/quentinpelluau/.npm correctMkdir not in flight; initializing
46 silly cache afterAdd compass@0.1.1
47 verbose afterAdd /Users/quentinpelluau/.npm/compass/0.1.1/package/package.json not in flight; writing
48 verbose correctMkdir /Users/quentinpelluau/.npm correctMkdir not in flight; initializing
49 verbose afterAdd /Users/quentinpelluau/.npm/compass/0.1.1/package/package.json written
50 silly install resolved [ { name: 'compass',
50 silly install resolved     version: '0.1.1',
50 silly install resolved     description: 'Compass for node.js',
50 silly install resolved     main: 'index.js',
50 silly install resolved     scripts: { test: 'echo "Error: no test specified" && exit 1' },
50 silly install resolved     repository: { type: 'git', url: 'git@github.com:ngryman/compass.git' },
50 silly install resolved     keywords: [ 'compass', 'sass', 'scss' ],
50 silly install resolved     author: { name: 'Nicolas Gryman' },
50 silly install resolved     license: 'MIT',
50 silly install resolved     devDependencies:
50 silly install resolved      { mocha: '1.8.x',
50 silly install resolved        chai: '1.5.x',
50 silly install resolved        express: '3.1.x',
50 silly install resolved        supertest: '0.5.x' },
50 silly install resolved     gitHead: '219e69e47f590d8906e203844f6fe8ae761d3240',
50 silly install resolved     bugs: { url: 'https://github.com/ngryman/compass/issues' },
50 silly install resolved     homepage: 'https://github.com/ngryman/compass',
50 silly install resolved     _id: 'compass@0.1.1',
50 silly install resolved     _shasum: '5c56d5eb442d10c1ad5989ef5c5e925db60c60e1',
50 silly install resolved     _from: 'compass@latest',
50 silly install resolved     _npmVersion: '1.4.28',
50 silly install resolved     _npmUser: { name: 'ngryman', email: 'ngryman@gmail.com' },
50 silly install resolved     maintainers: [ [Object] ],
50 silly install resolved     dist:
50 silly install resolved      { shasum: '5c56d5eb442d10c1ad5989ef5c5e925db60c60e1',
50 silly install resolved        tarball: 'https://registry.npmjs.org/compass/-/compass-0.1.1.tgz' },
50 silly install resolved     directories: {},
50 silly install resolved     _resolved: 'https://registry.npmjs.org/compass/-/compass-0.1.1.tgz' } ]
51 info install compass@0.1.1 into /usr/local/lib
52 info installOne compass@0.1.1
53 verbose installOne of compass to /usr/local/lib not in flight; installing
54 verbose correctMkdir /Users/quentinpelluau/.npm/_locks correctMkdir not in flight; initializing
55 verbose lock using /Users/quentinpelluau/.npm/_locks/compass-282e6d634fed1ba9.lock for /usr/local/lib/node_modules/compass
56 silly install write writing compass 0.1.1 to /usr/local/lib/node_modules/compass
57 verbose unbuild lib/node_modules/compass
58 silly gentlyRm /usr/local/lib/node_modules/compass is being purged from base /usr/local
59 verbose gentlyRm don't care about contents; nuking /usr/local/lib/node_modules/compass
60 verbose tar unpack /Users/quentinpelluau/.npm/compass/0.1.1/package.tgz
61 verbose tar unpacking to /usr/local/lib/node_modules/compass
62 silly gentlyRm /usr/local/lib/node_modules/compass is being purged
63 verbose gentlyRm don't care about contents; nuking /usr/local/lib/node_modules/compass
64 silly gunzTarPerm modes [ '755', '644' ]
65 error tar.unpack untar error /Users/quentinpelluau/.npm/compass/0.1.1/package.tgz
66 verbose unlock done using /Users/quentinpelluau/.npm/_locks/compass-282e6d634fed1ba9.lock for /usr/local/lib/node_modules/compass
67 verbose fstream_path /usr/local/lib/node_modules/compass
68 verbose fstream_type Directory
69 verbose fstream_class DirWriter
70 verbose stack Error: EACCES: permission denied, mkdir '/usr/local/lib/node_modules/compass'
70 verbose stack     at Error (native)
71 verbose fstream_stack /usr/local/lib/node_modules/npm/node_modules/fstream/lib/dir-writer.js:35:25
71 verbose fstream_stack /usr/local/lib/node_modules/npm/node_modules/mkdirp/index.js:47:53
71 verbose fstream_stack FSReqWrap.oncomplete (fs.js:82:15)
72 verbose cwd /Users/quentinpelluau/Google Drive/_DEV/__EMM_PF/_2_DEV/e-lycee/public/assets/style
73 error Darwin 15.6.0
74 error argv "/usr/local/bin/node" "/usr/local/bin/npm" "install" "compass" "-g"
75 error node v4.4.7
76 error npm  v2.15.8
77 error path /usr/local/lib/node_modules/compass
78 error code EACCES
79 error errno -13
80 error syscall mkdir
81 error Error: EACCES: permission denied, mkdir '/usr/local/lib/node_modules/compass'
81 error     at Error (native)
81 error  { [Error: EACCES: permission denied, mkdir '/usr/local/lib/node_modules/compass']
81 error   errno: -13,
81 error   code: 'EACCES',
81 error   syscall: 'mkdir',
81 error   path: '/usr/local/lib/node_modules/compass',
81 error   fstream_type: 'Directory',
81 error   fstream_path: '/usr/local/lib/node_modules/compass',
81 error   fstream_class: 'DirWriter',
81 error   fstream_stack:
81 error    [ '/usr/local/lib/node_modules/npm/node_modules/fstream/lib/dir-writer.js:35:25',
81 error      '/usr/local/lib/node_modules/npm/node_modules/mkdirp/index.js:47:53',
81 error      'FSReqWrap.oncomplete (fs.js:82:15)' ] }
82 error Please try running this command again as root/Administrator.
83 verbose exit [ -13, true ]
84 verbose unbuild lib/node_modules/compass
85 silly gentlyRm /usr/local/lib/node_modules/compass is being purged from base /usr/local
86 verbose gentlyRm don't care about contents; nuking /usr/local/lib/node_modules/compass
